<?xml version="1.0" encoding="UTF-8"?>
<!-- Generated by org.testng.reporters.JUnitReportReporter -->
<testsuite hostname="DESKTOP-MN86ODD" failures="0" tests="2" name="sZephyr_testcases.TC23_Analytics" time="345.012" errors="0" timestamp="2025-07-31T17:04:14 IST" skipped="1">
  <testcase classname="sZephyr_testcases.TC23_Analytics" name="TC_23_Analytics_BLE_withoutRouter_App_Open" time="147.290">
    <skipped/>
  </testcase> <!-- TC_23_Analytics_BLE_withoutRouter_App_Open -->
  <testcase classname="sZephyr_testcases.TC23_Analytics" name="TC_23_Analytics_BLE_withoutRouter_App_Open" time="197.722"/>
</testsuite> <!-- sZephyr_testcases.TC23_Analytics -->
