<?xml version="1.0" encoding="UTF-8"?>
<!-- Generated by org.testng.reporters.JUnitReportReporter -->
<testsuite hostname="DESKTOP-MN86ODD" failures="0" tests="1" name="sZephyr_testcases.TC29_Schedular" time="849.239" errors="0" timestamp="2025-01-08T22:22:56 IST" skipped="0">
  <testcase classname="sZephyr_testcases.TC29_Schedular" name="schedule" time="849.239"/>
</testsuite> <!-- sZephyr_testcases.TC29_Schedular -->
