<?xml version="1.0" encoding="UTF-8"?>
<!-- Generated by org.testng.reporters.JUnitReportReporter -->
<testsuite hostname="DESKTOP-MN86ODD" failures="0" tests="1" name="sZephyr_testcases.TC12_Pairing_WifiwithoutRouter" time="615.696" errors="0" timestamp="2025-01-06T12:34:00 IST" skipped="0">
  <testcase classname="sZephyr_testcases.TC12_Pairing_WifiwithoutRouter" name="removerepair" time="615.696"/>
</testsuite> <!-- sZephyr_testcases.TC12_Pairing_WifiwithoutRouter -->
