<?xml version="1.0" encoding="UTF-8"?>
<!-- Generated by org.testng.reporters.JUnitReportReporter -->
<testsuite hostname="DESKTOP-MN86ODD" failures="0" tests="2" name="sZephyr_testcases.TC14_BleWithRouter" time="637.933" errors="0" timestamp="2025-07-31T17:04:14 IST" skipped="1">
  <testcase classname="sZephyr_testcases.TC14_BleWithRouter" name="TC14_BlewithRouter_CONNECTIVITY" time="424.856"/>
  <testcase classname="sZephyr_testcases.TC14_BleWithRouter" name="TC14_BlewithRouter_CONNECTIVITY" time="213.077">
    <skipped/>
  </testcase> <!-- TC14_BlewithRouter_CONNECTIVITY -->
</testsuite> <!-- sZephyr_testcases.TC14_BleWithRouter -->
