<?xml version="1.0" encoding="UTF-8"?>
<!-- Generated by org.testng.reporters.JUnitReportReporter -->
<testsuite hostname="DESKTOP-MN86ODD" failures="0" tests="1" name="sZephyr_testcases.TC15_SmartConfig" time="527.529" errors="0" timestamp="2025-07-15T23:30:24 IST" skipped="0">
  <testcase classname="sZephyr_testcases.TC15_SmartConfig" name="TC15_SmartConfig_CONNECTIVITY" time="527.529"/>
</testsuite> <!-- sZephyr_testcases.TC15_SmartConfig -->
