<?xml version="1.0" encoding="UTF-8"?>
<!-- Generated by org.testng.reporters.JUnitReportReporter -->
<testsuite hostname="DESKTOP-MN86ODD" failures="0" tests="1" name="sZephyr_testcases.TC10_Pairing_SmartConfig" time="327.410" errors="0" timestamp="2025-01-06T12:09:49 IST" skipped="0">
  <testcase classname="sZephyr_testcases.TC10_Pairing_SmartConfig" name="removerepair" time="327.410"/>
</testsuite> <!-- sZephyr_testcases.TC10_Pairing_SmartConfig -->
