<?xml version="1.0" encoding="UTF-8"?>
<!-- Generated by org.testng.reporters.JUnitReportReporter -->
<testsuite hostname="DESKTOP-MN86ODD" failures="0" tests="1" name="sZephyr_testcases.TC04_SignIn_Flow" time="27.837" errors="0" timestamp="2025-06-05T13:18:48 IST" skipped="0">
  <testcase classname="sZephyr_testcases.TC04_SignIn_Flow" name="signIn" time="27.837"/>
</testsuite> <!-- sZephyr_testcases.TC04_SignIn_Flow -->
