<?xml version="1.0" encoding="UTF-8"?>
<!-- Generated by org.testng.reporters.JUnitReportReporter -->
<testsuite hostname="DESKTOP-MN86ODD" failures="0" tests="2" name="sZephyr_testcases.TC14_BleWithRouter" time="1135.323" errors="0" timestamp="2025-07-14T23:40:17 IST" skipped="1">
  <testcase classname="sZephyr_testcases.TC14_BleWithRouter" name="TC14_BlewithRouter_CONNECTIVITY" time="396.209">
    <skipped/>
  </testcase> <!-- TC14_BlewithRouter_CONNECTIVITY -->
  <testcase classname="sZephyr_testcases.TC14_BleWithRouter" name="TC14_BlewithRouter_CONNECTIVITY" time="739.114"/>
</testsuite> <!-- sZephyr_testcases.TC14_BleWithRouter -->
