<?xml version="1.0" encoding="UTF-8"?>
<!-- Generated by org.testng.reporters.JUnitReportReporter -->
<testsuite hostname="Admin" failures="0" tests="1" name="sZephyr_testcases.TC34_sZephyr_Info" time="202.489" errors="0" timestamp="2025-05-08T18:33:36 IST" skipped="0">
  <testcase classname="sZephyr_testcases.TC34_sZephyr_Info" name="removerepair" time="202.489"/>
</testsuite> <!-- sZephyr_testcases.TC34_sZephyr_Info -->
