<?xml version="1.0" encoding="UTF-8"?>
<!-- Generated by org.testng.reporters.JUnitReportReporter -->
<testsuite hostname="DESKTOP-MN86ODD" failures="0" tests="1" name="sZephyr_testcases.TC20_DeviceSettings" time="274.865" errors="0" timestamp="2025-07-15T23:45:46 IST" skipped="0">
  <testcase classname="sZephyr_testcases.TC20_DeviceSettings" name="TC20_DeviceSettings_Remove_Router" time="274.865"/>
</testsuite> <!-- sZephyr_testcases.TC20_DeviceSettings -->
