<?xml version="1.0" encoding="UTF-8"?>
<!-- Generated by org.testng.reporters.JUnitReportReporter -->
<testsuite hostname="DESKTOP-MN86ODD" failures="0" tests="1" name="sZephyr_testcases.TC36_ESMmode" time="168.875" errors="0" timestamp="2025-07-31T17:04:14 IST" skipped="0">
  <testcase classname="sZephyr_testcases.TC36_ESMmode" name="TC36_ESM_mode_button_check" time="168.875"/>
</testsuite> <!-- sZephyr_testcases.TC36_ESMmode -->
