<?xml version="1.0" encoding="UTF-8"?>
<!-- Generated by org.testng.reporters.JUnitReportReporter -->
<testsuite hostname="DESKTOP-MN86ODD" failures="0" tests="1" name="sZephyr_testcases.TC31_Schedular" time="1043.241" errors="0" timestamp="2025-10-24T17:40:50 IST" skipped="0">
  <testcase classname="sZephyr_testcases.TC31_Schedular" name="TC31_Schedular_BLEWithoutRouter_App_close_mode" time="1043.241"/>
</testsuite> <!-- sZephyr_testcases.TC31_Schedular -->
