<?xml version="1.0" encoding="UTF-8"?>
<!-- Generated by org.testng.reporters.JUnitReportReporter -->
<testsuite hostname="DESKTOP-MN86ODD" failures="0" tests="1" name="sZephyr_testcases.TC07_SignIn_Logout" time="156.943" errors="0" timestamp="2025-10-07T20:45:36 IST" skipped="0">
  <testcase classname="sZephyr_testcases.TC07_SignIn_Logout" name="TC07_Logout_After_Login_Pair_with_device_and_logout_from_device_is_working" time="156.943"/>
</testsuite> <!-- sZephyr_testcases.TC07_SignIn_Logout -->
