<?xml version="1.0" encoding="UTF-8"?>
<!-- Generated by org.testng.reporters.JUnitReportReporter -->
<testsuite hostname="DESKTOP-MN86ODD" failures="0" tests="1" name="sZephyr_testcases.TC04_SignIn_Flow" time="39.774" errors="0" timestamp="2025-01-03T13:48:54 IST" skipped="0">
  <testcase classname="sZephyr_testcases.TC04_SignIn_Flow" name="signIn" time="39.774"/>
</testsuite> <!-- sZephyr_testcases.TC04_SignIn_Flow -->
