<?xml version="1.0" encoding="UTF-8"?>
<!-- Generated by org.testng.reporters.JUnitReportReporter -->
<testsuite hostname="DESKTOP-MN86ODD" failures="0" tests="1" name="sZephyr_testcases.TC25_Analytics" time="310.639" errors="0" timestamp="2025-07-14T23:40:17 IST" skipped="0">
  <testcase classname="sZephyr_testcases.TC25_Analytics" name="TC_25_Analytics_SmartConfig_Mode" time="310.639"/>
</testsuite> <!-- sZephyr_testcases.TC25_Analytics -->
