<?xml version="1.0" encoding="UTF-8"?>
<!-- Generated by org.testng.reporters.JUnitReportReporter -->
<testsuite hostname="DESKTOP-MN86ODD" failures="0" tests="2" name="sZephyr_testcases.TC19_DeviceSettings" time="465.438" errors="0" timestamp="2025-07-14T23:40:17 IST" skipped="1">
  <testcase classname="sZephyr_testcases.TC19_DeviceSettings" name="TC19_DeviceSettings_Add_Router" time="200.663">
    <skipped/>
  </testcase> <!-- TC19_DeviceSettings_Add_Router -->
  <testcase classname="sZephyr_testcases.TC19_DeviceSettings" name="TC19_DeviceSettings_Add_Router" time="264.775"/>
</testsuite> <!-- sZephyr_testcases.TC19_DeviceSettings -->
