<?xml version="1.0" encoding="UTF-8"?>
<!-- Generated by org.testng.reporters.JUnitReportReporter -->
<testsuite hostname="DESKTOP-MN86ODD" failures="0" tests="2" name="sZephyr_testcases.TC10_Pairing_SmartConfig" time="462.747" errors="0" timestamp="2025-07-31T17:04:14 IST" skipped="1">
  <testcase classname="sZephyr_testcases.TC10_Pairing_SmartConfig" name="TC10_Pairing_in_SmartConfig_Mode" time="222.530"/>
  <testcase classname="sZephyr_testcases.TC10_Pairing_SmartConfig" name="TC10_Pairing_in_SmartConfig_Mode" time="240.217">
    <skipped/>
  </testcase> <!-- TC10_Pairing_in_SmartConfig_Mode -->
</testsuite> <!-- sZephyr_testcases.TC10_Pairing_SmartConfig -->
