<?xml version="1.0" encoding="UTF-8"?>
<!-- Generated by org.testng.reporters.JUnitReportReporter -->
<testsuite hostname="DESKTOP-MN86ODD" failures="0" tests="1" name="sZephyr_testcases.TC02_SignUp" time="32.023" errors="0" timestamp="2025-10-07T20:45:36 IST" skipped="0">
  <testcase classname="sZephyr_testcases.TC02_SignUp" name="TC02_SignUp_with_already_registered_username" time="32.023"/>
</testsuite> <!-- sZephyr_testcases.TC02_SignUp -->
