<?xml version="1.0" encoding="UTF-8"?>
<!-- Generated by org.testng.reporters.JUnitReportReporter -->
<testsuite hostname="Admin" failures="0" tests="1" name="sZephyr_testcases.TC25_Analytics" time="282.357" errors="0" timestamp="2025-04-24T00:54:49 IST" skipped="0">
  <testcase classname="sZephyr_testcases.TC25_Analytics" name="removerepair" time="282.357"/>
</testsuite> <!-- sZephyr_testcases.TC25_Analytics -->
