<?xml version="1.0" encoding="UTF-8"?>
<!-- Generated by org.testng.reporters.JUnitReportReporter -->
<testsuite hostname="Admin" failures="0" tests="1" name="sZephyr_testcases.TC01_Accounts_Info" time="216.703" errors="0" timestamp="2025-05-08T18:14:07 IST" skipped="0">
  <testcase classname="sZephyr_testcases.TC01_Accounts_Info" name="removerepair" time="216.703"/>
</testsuite> <!-- sZephyr_testcases.TC01_Accounts_Info -->
