<?xml version="1.0" encoding="UTF-8"?>
<!-- Generated by org.testng.reporters.JUnitReportReporter -->
<testsuite hostname="DESKTOP-MN86ODD" failures="0" tests="1" name="sZephyr_testcases.TC32_Factory_Reset" time="156.573" errors="0" timestamp="2025-01-18T01:44:12 IST" skipped="0">
  <testcase classname="sZephyr_testcases.TC32_Factory_Reset" name="removerepair" time="156.573"/>
</testsuite> <!-- sZephyr_testcases.TC32_Factory_Reset -->
