<?xml version="1.0" encoding="UTF-8"?>
<!-- Generated by org.testng.reporters.JUnitReportReporter -->
<testsuite hostname="DESKTOP-MN86ODD" failures="0" tests="1" name="sZephyr_testcases.TC16_WifiWithRouter" time="486.199" errors="0" timestamp="2025-10-24T17:54:56 IST" skipped="0">
  <testcase classname="sZephyr_testcases.TC16_WifiWithRouter" name="TC16_WifiWithRouter_CONNECTIVITY" time="486.199"/>
</testsuite> <!-- sZephyr_testcases.TC16_WifiWithRouter -->
