<?xml version="1.0" encoding="UTF-8"?>
<!-- Generated by org.testng.reporters.JUnitReportReporter -->
<testsuite hostname="DESKTOP-MN86ODD" failures="0" tests="1" name="sZephyr_testcases.TC18_UI_CONNECTIVITY_MOD_0_TC_01_TO_03" time="311.051" errors="0" timestamp="2025-07-14T23:40:17 IST" skipped="0">
  <testcase classname="sZephyr_testcases.TC18_UI_CONNECTIVITY_MOD_0_TC_01_TO_03" name="TC18_UI_Check_sZephyr_Info_values" time="311.051"/>
</testsuite> <!-- sZephyr_testcases.TC18_UI_CONNECTIVITY_MOD_0_TC_01_TO_03 -->
