<?xml version="1.0" encoding="UTF-8"?>
<!-- Generated by org.testng.reporters.JUnitReportReporter -->
<testsuite hostname="DESKTOP-MN86ODD" failures="0" tests="1" name="sZephyr_testcases.TC02_SignUp" time="34.891" errors="0" timestamp="2024-12-19T15:15:46 IST" skipped="0">
  <testcase classname="sZephyr_testcases.TC02_SignUp" name="signUp" time="34.891"/>
</testsuite> <!-- sZephyr_testcases.TC02_SignUp -->
