<?xml version="1.0" encoding="UTF-8"?>
<!-- Generated by org.testng.reporters.JUnitReportReporter -->
<testsuite hostname="DESKTOP-MN86ODD" failures="0" tests="1" name="sZephyr_testcases.TC28_Schedular" time="675.793" errors="0" timestamp="2025-10-07T20:45:36 IST" skipped="0">
  <testcase classname="sZephyr_testcases.TC28_Schedular" name="TC28_Schedular_SmartConfig_Mode" time="675.793"/>
</testsuite> <!-- sZephyr_testcases.TC28_Schedular -->
