<?xml version="1.0" encoding="UTF-8"?>
<!-- Generated by org.testng.reporters.JUnitReportReporter -->
<testsuite hostname="DESKTOP-MN86ODD" failures="0" tests="2" name="sZephyr_testcases.TC08_Pairing_BlewithoutRouter" time="656.840" errors="0" timestamp="2025-07-14T23:40:17 IST" skipped="1">
  <testcase classname="sZephyr_testcases.TC08_Pairing_BlewithoutRouter" name="TC08_Pairing_BLE_Without_Router" time="438.580"/>
  <testcase classname="sZephyr_testcases.TC08_Pairing_BlewithoutRouter" name="TC08_Pairing_BLE_Without_Router" time="218.260">
    <skipped/>
  </testcase> <!-- TC08_Pairing_BLE_Without_Router -->
</testsuite> <!-- sZephyr_testcases.TC08_Pairing_BlewithoutRouter -->
