<?xml version="1.0" encoding="UTF-8"?>
<!-- Generated by org.testng.reporters.JUnitReportReporter -->
<testsuite hostname="DESKTOP-MN86ODD" failures="0" tests="1" name="sZephyr_testcases.TC13_BlewithoutRouter" time="335.413" errors="0" timestamp="2025-10-07T20:45:36 IST" skipped="0">
  <testcase classname="sZephyr_testcases.TC13_BlewithoutRouter" name="TC13_BlewithoutRouter_CONNECTIVITY" time="335.413"/>
</testsuite> <!-- sZephyr_testcases.TC13_BlewithoutRouter -->
