<?xml version="1.0" encoding="UTF-8"?>
<!-- Generated by org.testng.reporters.JUnitReportReporter -->
<testsuite hostname="DESKTOP-MN86ODD" failures="0" tests="1" name="sZephyr_testcases.TC11_Pairing_WifiwithRouter" time="589.481" errors="0" timestamp="2025-01-06T12:22:46 IST" skipped="0">
  <testcase classname="sZephyr_testcases.TC11_Pairing_WifiwithRouter" name="removerepair" time="589.481"/>
</testsuite> <!-- sZephyr_testcases.TC11_Pairing_WifiwithRouter -->
