<?xml version="1.0" encoding="UTF-8"?>
<!-- Generated by org.testng.reporters.JUnitReportReporter -->
<testsuite hostname="DESKTOP-MN86ODD" failures="0" tests="1" name="sZephyr_testcases.TC05_SignIn_Valid_User" time="54.742" errors="0" timestamp="2025-01-09T11:16:58 IST" skipped="0">
  <testcase classname="sZephyr_testcases.TC05_SignIn_Valid_User" name="login" time="54.742"/>
</testsuite> <!-- sZephyr_testcases.TC05_SignIn_Valid_User -->
