<?xml version="1.0" encoding="UTF-8"?>
<!-- Generated by org.testng.reporters.JUnitReportReporter -->
<testsuite hostname="Admin" failures="0" tests="1" name="sZephyr_testcases.TC18_UI_CONNECTIVITY_MOD_0_TC_01_TO_03" time="337.597" errors="0" timestamp="2025-05-07T21:05:31 IST" skipped="0">
  <testcase classname="sZephyr_testcases.TC18_UI_CONNECTIVITY_MOD_0_TC_01_TO_03" name="removerepair" time="337.597"/>
</testsuite> <!-- sZephyr_testcases.TC18_UI_CONNECTIVITY_MOD_0_TC_01_TO_03 -->
