<?xml version="1.0" encoding="UTF-8"?>
<!-- Generated by org.testng.reporters.JUnitReportReporter -->
<testsuite hostname="DESKTOP-MN86ODD" failures="0" tests="2" name="sZephyr_testcases.TC21_DeviceSettings" time="571.423" errors="0" timestamp="2025-07-31T17:04:14 IST" skipped="1">
  <testcase classname="sZephyr_testcases.TC21_DeviceSettings" name="TC21_DeviceSettings_LED_Quite_Mode" time="282.730"/>
  <testcase classname="sZephyr_testcases.TC21_DeviceSettings" name="TC21_DeviceSettings_LED_Quite_Mode" time="288.693">
    <skipped/>
  </testcase> <!-- TC21_DeviceSettings_LED_Quite_Mode -->
</testsuite> <!-- sZephyr_testcases.TC21_DeviceSettings -->
