<?xml version="1.0" encoding="UTF-8"?>
<!-- Generated by org.testng.reporters.JUnitReportReporter -->
<testsuite hostname="DESKTOP-MN86ODD" failures="0" tests="1" name="sZephyr_testcases.TC34_sZephyr_Info" time="220.366" errors="0" timestamp="2025-04-24T18:20:58 IST" skipped="0">
  <testcase classname="sZephyr_testcases.TC34_sZephyr_Info" name="removerepair" time="220.366"/>
</testsuite> <!-- sZephyr_testcases.TC34_sZephyr_Info -->
