<?xml version="1.0" encoding="UTF-8"?>
<!-- Generated by org.testng.reporters.JUnitReportReporter -->
<testsuite hostname="DESKTOP-MN86ODD" failures="0" tests="1" name="sZephyr_testcases.TC24_Analytics" time="260.975" errors="0" timestamp="2025-10-07T20:45:36 IST" skipped="0">
  <testcase classname="sZephyr_testcases.TC24_Analytics" name="TC_24_Analytics_BLE_without_Router_App_Close" time="260.975"/>
</testsuite> <!-- sZephyr_testcases.TC24_Analytics -->
