<?xml version="1.0" encoding="UTF-8"?>
<!-- Generated by org.testng.reporters.JUnitReportReporter -->
<testsuite hostname="DESKTOP-MN86ODD" failures="0" tests="1" name="sZephyr_testcases.TC10_Pairing_SmartConfig" time="243.457" errors="0" timestamp="2025-10-24T16:41:22 IST" skipped="0">
  <testcase classname="sZephyr_testcases.TC10_Pairing_SmartConfig" name="TC10_Pairing_in_SmartConfig_Mode" time="243.457"/>
</testsuite> <!-- sZephyr_testcases.TC10_Pairing_SmartConfig -->
