<?xml version="1.0" encoding="UTF-8"?>
<!-- Generated by org.testng.reporters.JUnitReportReporter -->
<testsuite hostname="DESKTOP-MN86ODD" failures="0" tests="2" name="sZephyr_testcases.TC13_BlewithoutRouter" time="798.264" errors="0" timestamp="2025-07-14T23:40:17 IST" skipped="1">
  <testcase classname="sZephyr_testcases.TC13_BlewithoutRouter" name="TC13_BlewithoutRouter_CONNECTIVITY" time="453.552"/>
  <testcase classname="sZephyr_testcases.TC13_BlewithoutRouter" name="TC13_BlewithoutRouter_CONNECTIVITY" time="344.712">
    <skipped/>
  </testcase> <!-- TC13_BlewithoutRouter_CONNECTIVITY -->
</testsuite> <!-- sZephyr_testcases.TC13_BlewithoutRouter -->
