<?xml version="1.0" encoding="UTF-8"?>
<!-- Generated by org.testng.reporters.JUnitReportReporter -->
<testsuite hostname="Admin" failures="0" tests="1" name="sZephyr_testcases.TC18_UI_CONNECTIVITY_MOD_0_TC_01_TO_03" time="0.000" errors="0" timestamp="2025-05-02T17:06:46 IST" skipped="1">
  <testcase classname="sZephyr_testcases.TC18_UI_CONNECTIVITY_MOD_0_TC_01_TO_03" name="removerepair" time="0.000">
    <skipped/>
  </testcase> <!-- removerepair -->
</testsuite> <!-- sZephyr_testcases.TC18_UI_CONNECTIVITY_MOD_0_TC_01_TO_03 -->
