<?xml version="1.0" encoding="UTF-8"?>
<!-- Generated by org.testng.reporters.JUnitReportReporter -->
<testsuite hostname="DESKTOP-MN86ODD" failures="0" tests="1" name="sZephyr_testcases.TC01_Accounts_Info" time="228.698" errors="0" timestamp="2025-07-14T23:40:17 IST" skipped="0">
  <testcase classname="sZephyr_testcases.TC01_Accounts_Info" name="TC_01_Account_Info_page_check" time="228.698"/>
</testsuite> <!-- sZephyr_testcases.TC01_Accounts_Info -->
