<?xml version="1.0" encoding="UTF-8"?>
<!-- Generated by org.testng.reporters.JUnitReportReporter -->
<testsuite hostname="DESKTOP-MN86ODD" failures="0" tests="1" name="sZephyr_testcases.TC14_BleWithRouter" time="471.902" errors="0" timestamp="2025-10-24T16:41:22 IST" skipped="0">
  <testcase classname="sZephyr_testcases.TC14_BleWithRouter" name="TC14_BlewithRouter_CONNECTIVITY" time="471.902"/>
</testsuite> <!-- sZephyr_testcases.TC14_BleWithRouter -->
