<?xml version="1.0" encoding="UTF-8"?>
<!-- Generated by org.testng.reporters.JUnitReportReporter -->
<testsuite hostname="DESKTOP-MN86ODD" failures="0" tests="1" name="sZephyr_testcases.TC30_Schedular" time="522.399" errors="0" timestamp="2025-07-31T17:04:14 IST" skipped="0">
  <testcase classname="sZephyr_testcases.TC30_Schedular" name="TC30_Schedular_BLE_without_router" time="522.399"/>
</testsuite> <!-- sZephyr_testcases.TC30_Schedular -->
