<?xml version="1.0" encoding="UTF-8"?>
<!-- Generated by org.testng.reporters.JUnitReportReporter -->
<testsuite hostname="DESKTOP-MN86ODD" failures="0" tests="1" name="sZephyr_testcases.TC09_Pairing_BlewithRouter" time="271.679" errors="0" timestamp="2024-12-31T17:38:51 IST" skipped="0">
  <testcase classname="sZephyr_testcases.TC09_Pairing_BlewithRouter" name="removerepair" time="271.679"/>
</testsuite> <!-- sZephyr_testcases.TC09_Pairing_BlewithRouter -->
