<?xml version="1.0" encoding="UTF-8"?>
<!-- Generated by org.testng.reporters.JUnitReportReporter -->
<testsuite hostname="DESKTOP-MN86ODD" failures="0" tests="1" name="sZephyr_testcases.TC04_SignIn_Flow" time="29.125" errors="0" timestamp="2025-07-31T17:04:14 IST" skipped="0">
  <testcase classname="sZephyr_testcases.TC04_SignIn_Flow" name="TC04_SignIn_Try_to_SignIn_with_unregistered_username" time="29.125"/>
</testsuite> <!-- sZephyr_testcases.TC04_SignIn_Flow -->
