<?xml version="1.0" encoding="UTF-8"?>
<!-- Generated by org.testng.reporters.JUnitReportReporter -->
<testsuite hostname="DESKTOP-MN86ODD" failures="0" tests="1" name="sZephyr_testcases.TC22_DeviceSettings" time="463.088" errors="0" timestamp="2025-10-24T16:41:22 IST" skipped="0">
  <testcase classname="sZephyr_testcases.TC22_DeviceSettings" name="TC22_DeviceSettings_Pairing_Time_Settings_change" time="463.088"/>
</testsuite> <!-- sZephyr_testcases.TC22_DeviceSettings -->
