<?xml version="1.0" encoding="UTF-8"?>
<!-- Generated by org.testng.reporters.JUnitReportReporter -->
<testsuite hostname="DESKTOP-MN86ODD" failures="0" tests="1" name="sZephyr_testcases.TC28_Schedular" time="163.573" errors="0" timestamp="2025-01-08T16:14:07 IST" skipped="0">
  <testcase classname="sZephyr_testcases.TC28_Schedular" name="schedule" time="163.573"/>
</testsuite> <!-- sZephyr_testcases.TC28_Schedular -->
