<?xml version="1.0" encoding="UTF-8"?>
<!-- Generated by org.testng.reporters.JUnitReportReporter -->
<testsuite hostname="DESKTOP-MN86ODD" failures="0" tests="2" name="sZephyr_testcases.TC09_Pairing_BlewithRouter" time="647.593" errors="0" timestamp="2025-10-07T20:45:36 IST" skipped="1">
  <testcase classname="sZephyr_testcases.TC09_Pairing_BlewithRouter" name="TC09_Pairing_BLE_With_Router" time="292.065"/>
  <testcase classname="sZephyr_testcases.TC09_Pairing_BlewithRouter" name="TC09_Pairing_BLE_With_Router" time="355.528">
    <skipped/>
  </testcase> <!-- TC09_Pairing_BLE_With_Router -->
</testsuite> <!-- sZephyr_testcases.TC09_Pairing_BlewithRouter -->
