<?xml version="1.0" encoding="UTF-8"?>
<!-- Generated by org.testng.reporters.JUnitReportReporter -->
<testsuite hostname="Admin" failures="0" tests="1" name="sZephyr_testcases.TC02_SignUp" time="42.396" errors="0" timestamp="2025-04-24T15:12:57 IST" skipped="0">
  <testcase classname="sZephyr_testcases.TC02_SignUp" name="signUp" time="42.396"/>
</testsuite> <!-- sZephyr_testcases.TC02_SignUp -->
