<?xml version="1.0" encoding="UTF-8"?>
<!-- Generated by org.testng.reporters.JUnitReportReporter -->
<testsuite hostname="DESKTOP-MN86ODD" failures="0" tests="1" name="sZephyr_testcases.TC17_WIfiWithout_router" time="458.435" errors="0" timestamp="2025-09-17T18:23:26 IST" skipped="0">
  <testcase classname="sZephyr_testcases.TC17_WIfiWithout_router" name="TC17_WifiWithoutRouter_CONNECTIVITY" time="458.435"/>
</testsuite> <!-- sZephyr_testcases.TC17_WIfiWithout_router -->
