<?xml version="1.0" encoding="UTF-8"?>
<!-- Generated by org.testng.reporters.JUnitReportReporter -->
<testsuite hostname="DESKTOP-MN86ODD" failures="0" tests="1" name="sZephyr_testcases.TC10_Pairing_SmartConfig" time="438.984" errors="0" timestamp="2025-01-03T17:43:11 IST" skipped="0">
  <testcase classname="sZephyr_testcases.TC10_Pairing_SmartConfig" name="removerepair" time="438.984"/>
</testsuite> <!-- sZephyr_testcases.TC10_Pairing_SmartConfig -->
