<?xml version="1.0" encoding="UTF-8"?>
<!-- Generated by org.testng.reporters.JUnitReportReporter -->
<testsuite hostname="DESKTOP-MN86ODD" failures="0" tests="1" name="sZephyr_testcases.TC06_SignIn_SuccessFlow" time="75.759" errors="0" timestamp="2025-04-25T18:36:38 IST" skipped="0">
  <testcase classname="sZephyr_testcases.TC06_SignIn_SuccessFlow" name="login" time="75.759"/>
</testsuite> <!-- sZephyr_testcases.TC06_SignIn_SuccessFlow -->
