<?xml version="1.0" encoding="UTF-8"?>
<!-- Generated by org.testng.reporters.JUnitReportReporter -->
<testsuite hostname="DESKTOP-MN86ODD" failures="0" tests="1" name="sZephyr_testcases.TC23_Analytics" time="179.476" errors="0" timestamp="2025-01-08T15:50:20 IST" skipped="0">
  <testcase classname="sZephyr_testcases.TC23_Analytics" name="removerepair" time="179.476"/>
</testsuite> <!-- sZephyr_testcases.TC23_Analytics -->
