<?xml version="1.0" encoding="UTF-8"?>
<!-- Generated by org.testng.reporters.JUnitReportReporter -->
<testsuite hostname="DESKTOP-MN86ODD" failures="0" tests="1" name="sZephyr_testcases.TC23_Analytics" time="103.611" errors="0" timestamp="2025-09-12T17:34:47 IST" skipped="0">
  <testcase classname="sZephyr_testcases.TC23_Analytics" name="TC_23_Analytics_BLE_withoutRouter_App_Open" time="103.611"/>
</testsuite> <!-- sZephyr_testcases.TC23_Analytics -->
