<?xml version="1.0" encoding="UTF-8"?>
<!-- Generated by org.testng.reporters.JUnitReportReporter -->
<testsuite hostname="DESKTOP-MN86ODD" failures="0" tests="1" name="sZephyr_testcases.TC03_SignUp" time="96.955" errors="0" timestamp="2025-07-14T23:40:17 IST" skipped="0">
  <testcase classname="sZephyr_testcases.TC03_SignUp" name="TC03_SignUp_Try_to_Sign_Up_with_new_username" time="96.955"/>
</testsuite> <!-- sZephyr_testcases.TC03_SignUp -->
