<?xml version="1.0" encoding="UTF-8"?>
<!-- Generated by org.testng.reporters.JUnitReportReporter -->
<testsuite hostname="DESKTOP-MN86ODD" failures="0" tests="1" name="sZephyr_testcases.TC19_DeviceSettings" time="234.312" errors="0" timestamp="2025-07-15T23:35:09 IST" skipped="0">
  <testcase classname="sZephyr_testcases.TC19_DeviceSettings" name="TC19_DeviceSettings_Add_Router" time="234.312"/>
</testsuite> <!-- sZephyr_testcases.TC19_DeviceSettings -->
