<?xml version="1.0" encoding="UTF-8"?>
<!-- Generated by org.testng.reporters.JUnitReportReporter -->
<testsuite hostname="DESKTOP-MN86ODD" failures="0" tests="1" name="sZephyr_testcases.TC01_Accounts_Info" time="258.616" errors="0" timestamp="2025-04-25T18:31:01 IST" skipped="0">
  <testcase classname="sZephyr_testcases.TC01_Accounts_Info" name="removerepair" time="258.616"/>
</testsuite> <!-- sZephyr_testcases.TC01_Accounts_Info -->
