<?xml version="1.0" encoding="UTF-8"?>
<!-- Generated by org.testng.reporters.JUnitReportReporter -->
<testsuite hostname="DESKTOP-MN86ODD" failures="0" tests="1" name="sZephyr_testcases.TC06_SignIn_SuccessFlow" time="50.327" errors="0" timestamp="2025-07-14T23:40:17 IST" skipped="0">
  <testcase classname="sZephyr_testcases.TC06_SignIn_SuccessFlow" name="TC06_During_SignUp_or_SignIn_enter_valid_OTP" time="50.327"/>
</testsuite> <!-- sZephyr_testcases.TC06_SignIn_SuccessFlow -->
