<?xml version="1.0" encoding="UTF-8"?>
<!-- Generated by org.testng.reporters.JUnitReportReporter -->
<testsuite hostname="DESKTOP-MN86ODD" failures="0" tests="1" name="sZephyr_testcases.TC04_SignIn_Flow" time="108.204" errors="0" timestamp="2025-04-24T18:20:58 IST" skipped="0">
  <testcase classname="sZephyr_testcases.TC04_SignIn_Flow" name="signIn" time="108.204"/>
</testsuite> <!-- sZephyr_testcases.TC04_SignIn_Flow -->
