<?xml version="1.0" encoding="UTF-8"?>
<!-- Generated by org.testng.reporters.JUnitReportReporter -->
<testsuite hostname="DESKTOP-MN86ODD" failures="0" tests="1" name="sZephyr_testcases.TC04_SignIn_Flow" time="27.982" errors="0" timestamp="2025-10-07T20:45:36 IST" skipped="0">
  <testcase classname="sZephyr_testcases.TC04_SignIn_Flow" name="TC04_SignIn_Try_to_SignIn_with_unregistered_username" time="27.982"/>
</testsuite> <!-- sZephyr_testcases.TC04_SignIn_Flow -->
