<?xml version="1.0" encoding="UTF-8"?>
<!-- Generated by org.testng.reporters.JUnitReportReporter -->
<testsuite hostname="DESKTOP-MN86ODD" failures="0" tests="1" name="sZephyr_testcases.TC03_SignUp" time="89.161" errors="0" timestamp="2025-01-03T10:49:32 IST" skipped="0">
  <testcase classname="sZephyr_testcases.TC03_SignUp" name="signUp" time="89.161"/>
</testsuite> <!-- sZephyr_testcases.TC03_SignUp -->
