<?xml version="1.0" encoding="UTF-8"?>
<!-- Generated by org.testng.reporters.JUnitReportReporter -->
<testsuite hostname="DESKTOP-MN86ODD" failures="0" tests="1" name="sZephyr_testcases.TC34_sZephyr_Info" time="190.412" errors="0" timestamp="2025-07-31T17:04:14 IST" skipped="0">
  <testcase classname="sZephyr_testcases.TC34_sZephyr_Info" name="TC34_Szephyr_Info_check" time="190.412"/>
</testsuite> <!-- sZephyr_testcases.TC34_sZephyr_Info -->
