<?xml version="1.0" encoding="UTF-8"?>
<!-- Generated by org.testng.reporters.JUnitReportReporter -->
<testsuite hostname="DESKTOP-MN86ODD" failures="0" tests="1" name="sZephyr_testcases.TC33_Ble_Factory_Reset" time="153.853" errors="0" timestamp="2025-07-31T17:04:14 IST" skipped="0">
  <testcase classname="sZephyr_testcases.TC33_Ble_Factory_Reset" name="TC33_BleWithoutRouter_Factory_Reset" time="153.853"/>
</testsuite> <!-- sZephyr_testcases.TC33_Ble_Factory_Reset -->
