<?xml version="1.0" encoding="UTF-8"?>
<!-- Generated by org.testng.reporters.JUnitReportReporter -->
<testsuite hostname="Admin" failures="0" tests="1" name="utils.ContinuousLogReceiver" time="10.010" errors="0" timestamp="2025-04-24T00:54:49 IST" skipped="0">
  <testcase classname="utils.ContinuousLogReceiver" name="runner" time="10.010"/>
</testsuite> <!-- utils.ContinuousLogReceiver -->
