<?xml version="1.0" encoding="UTF-8"?>
<!-- Generated by org.testng.reporters.JUnitReportReporter -->
<testsuite hostname="DESKTOP-MN86ODD" failures="0" tests="1" name="sZephyr_testcases.TC10_Pairing_SmartConfig" time="512.469" errors="0" timestamp="2025-07-14T23:40:17 IST" skipped="0">
  <testcase classname="sZephyr_testcases.TC10_Pairing_SmartConfig" name="TC10_Pairing_in_SmartConfig_Mode" time="512.469"/>
</testsuite> <!-- sZephyr_testcases.TC10_Pairing_SmartConfig -->
