<?xml version="1.0" encoding="UTF-8"?>
<!-- Generated by org.testng.reporters.JUnitReportReporter -->
<testsuite hostname="DESKTOP-MN86ODD" failures="0" tests="1" name="sZephyr_testcases.TC02_SignUp" time="40.195" errors="0" timestamp="2025-07-14T23:40:17 IST" skipped="0">
  <testcase classname="sZephyr_testcases.TC02_SignUp" name="TC02_SignUp_with_already_registered_username" time="40.195"/>
</testsuite> <!-- sZephyr_testcases.TC02_SignUp -->
