<?xml version="1.0" encoding="UTF-8"?>
<!-- Generated by org.testng.reporters.JUnitReportReporter -->
<testsuite hostname="Admin" failures="0" tests="1" name="sZephyr_testcases.TC06_SignIn_SuccessFlow" time="30.656" errors="0" timestamp="2025-05-07T17:55:58 IST" skipped="0">
  <testcase classname="sZephyr_testcases.TC06_SignIn_SuccessFlow" name="login" time="30.656"/>
</testsuite> <!-- sZephyr_testcases.TC06_SignIn_SuccessFlow -->
