<?xml version="1.0" encoding="UTF-8"?>
<!-- Generated by org.testng.reporters.JUnitReportReporter -->
<testsuite hostname="DESKTOP-MN86ODD" failures="0" tests="1" name="sZephyr_testcases.TC29_Schedular" time="1007.206" errors="0" timestamp="2025-07-31T17:04:14 IST" skipped="0">
  <testcase classname="sZephyr_testcases.TC29_Schedular" name="TC29_Schedular_Smartconfig_app_close" time="1007.206"/>
</testsuite> <!-- sZephyr_testcases.TC29_Schedular -->
