<?xml version="1.0" encoding="UTF-8"?>
<!-- Generated by org.testng.reporters.JUnitReportReporter -->
<testsuite hostname="DESKTOP-MN86ODD" failures="0" tests="1" name="sZephyr_testcases.TC23_Analytics" time="198.819" errors="0" timestamp="2025-07-14T23:40:17 IST" skipped="0">
  <testcase classname="sZephyr_testcases.TC23_Analytics" name="TC_23_Analytics_BLE_withoutRouter_App_Open" time="198.819"/>
</testsuite> <!-- sZephyr_testcases.TC23_Analytics -->
