<?xml version="1.0" encoding="UTF-8"?>
<!-- Generated by org.testng.reporters.JUnitReportReporter -->
<testsuite hostname="DESKTOP-MN86ODD" failures="0" tests="1" name="sZephyr_testcases.TC24_Analytics" time="251.390" errors="0" timestamp="2025-07-31T17:04:14 IST" skipped="0">
  <testcase classname="sZephyr_testcases.TC24_Analytics" name="TC_24_Analytics_BLE_without_Router_App_Close" time="251.390"/>
</testsuite> <!-- sZephyr_testcases.TC24_Analytics -->
