<?xml version="1.0" encoding="UTF-8"?>
<!-- Generated by org.testng.reporters.JUnitReportReporter -->
<testsuite hostname="DESKTOP-MN86ODD" failures="0" tests="1" name="sZephyr_testcases.TC26_Analytics" time="305.202" errors="0" timestamp="2025-07-14T23:40:17 IST" skipped="0">
  <testcase classname="sZephyr_testcases.TC26_Analytics" name="TC_26_Analytics_Smartconfig_App_close" time="305.202"/>
</testsuite> <!-- sZephyr_testcases.TC26_Analytics -->
