<?xml version="1.0" encoding="UTF-8"?>
<!-- Generated by org.testng.reporters.JUnitReportReporter -->
<testsuite hostname="DESKTOP-MN86ODD" failures="0" tests="1" name="sZephyr_testcases.TC03_SignUp" time="55.915" errors="0" timestamp="2025-07-31T17:04:14 IST" skipped="0">
  <testcase classname="sZephyr_testcases.TC03_SignUp" name="TC03_SignUp_Try_to_Sign_Up_with_new_username" time="55.915"/>
</testsuite> <!-- sZephyr_testcases.TC03_SignUp -->
