<?xml version="1.0" encoding="UTF-8"?>
<!-- Generated by org.testng.reporters.JUnitReportReporter -->
<testsuite hostname="DESKTOP-MN86ODD" failures="0" tests="1" name="sZephyr_testcases.TC10_Pairing_SmartConfig" time="326.146" errors="0" timestamp="2025-07-15T22:56:55 IST" skipped="0">
  <testcase classname="sZephyr_testcases.TC10_Pairing_SmartConfig" name="TC10_Pairing_in_SmartConfig_Mode" time="326.146"/>
</testsuite> <!-- sZephyr_testcases.TC10_Pairing_SmartConfig -->
