<?xml version="1.0" encoding="UTF-8"?>
<!-- Generated by org.testng.reporters.JUnitReportReporter -->
<testsuite hostname="DESKTOP-MN86ODD" failures="0" tests="1" name="sZephyr_testcases.TC07_SignIn_Logout" time="229.589" errors="0" timestamp="2025-04-25T18:45:45 IST" skipped="0">
  <testcase classname="sZephyr_testcases.TC07_SignIn_Logout" name="login" time="229.589"/>
</testsuite> <!-- sZephyr_testcases.TC07_SignIn_Logout -->
