<?xml version="1.0" encoding="UTF-8"?>
<!-- Generated by org.testng.reporters.JUnitReportReporter -->
<testsuite hostname="DESKTOP-MN86ODD" failures="0" tests="1" name="sZephyr_testcases.TC05_SignIn_Valid_User" time="42.639" errors="0" timestamp="2025-07-31T17:04:14 IST" skipped="0">
  <testcase classname="sZephyr_testcases.TC05_SignIn_Valid_User" name="TC05_Try_to_SignIn_into_app_with_Validuserdetails_but_invalidOTP" time="42.639"/>
</testsuite> <!-- sZephyr_testcases.TC05_SignIn_Valid_User -->
