<?xml version="1.0" encoding="UTF-8"?>
<!-- Generated by org.testng.reporters.JUnitReportReporter -->
<testsuite hostname="DESKTOP-MN86ODD" failures="0" tests="1" name="sZephyr_testcases.TC19_DeviceSettings" time="246.111" errors="0" timestamp="2025-04-24T18:47:01 IST" skipped="0">
  <testcase classname="sZephyr_testcases.TC19_DeviceSettings" name="removerepair" time="246.111"/>
</testsuite> <!-- sZephyr_testcases.TC19_DeviceSettings -->
