<?xml version="1.0" encoding="UTF-8"?>
<!-- Generated by org.testng.reporters.JUnitReportReporter -->
<testsuite hostname="DESKTOP-MN86ODD" failures="0" tests="1" name="sZephyr_testcases.TC02_SignUp" time="39.010" errors="0" timestamp="2025-05-14T17:56:14 IST" skipped="0">
  <testcase classname="sZephyr_testcases.TC02_SignUp" name="signUp" time="39.010"/>
</testsuite> <!-- sZephyr_testcases.TC02_SignUp -->
