<?xml version="1.0" encoding="UTF-8"?>
<!-- Generated by org.testng.reporters.JUnitReportReporter -->
<testsuite hostname="Admin" failures="0" tests="1" name="sZephyr_testcases.TC13_BlewithoutRouter" time="526.441" errors="0" timestamp="2025-05-08T21:10:57 IST" skipped="0">
  <testcase classname="sZephyr_testcases.TC13_BlewithoutRouter" name="removerepair" time="526.441"/>
</testsuite> <!-- sZephyr_testcases.TC13_BlewithoutRouter -->
