<?xml version="1.0" encoding="UTF-8"?>
<!-- Generated by org.testng.reporters.JUnitReportReporter -->
<testsuite hostname="DESKTOP-MN86ODD" failures="0" tests="1" name="sZephyr_testcases.TC13_BlewithoutRouter" time="343.078" errors="0" timestamp="2025-07-15T22:45:42 IST" skipped="0">
  <testcase classname="sZephyr_testcases.TC13_BlewithoutRouter" name="TC13_BlewithoutRouter_CONNECTIVITY" time="343.078"/>
</testsuite> <!-- sZephyr_testcases.TC13_BlewithoutRouter -->
