<?xml version="1.0" encoding="UTF-8"?>
<!-- Generated by org.testng.reporters.JUnitReportReporter -->
<testsuite hostname="DESKTOP-MN86ODD" failures="0" tests="1" name="sZephyr_testcases.TC01_Accounts_Info" time="182.329" errors="0" timestamp="2025-01-06T12:01:14 IST" skipped="0">
  <testcase classname="sZephyr_testcases.TC01_Accounts_Info" name="removerepair" time="182.329"/>
</testsuite> <!-- sZephyr_testcases.TC01_Accounts_Info -->
