<?xml version="1.0" encoding="UTF-8"?>
<!-- Generated by org.testng.reporters.JUnitReportReporter -->
<testsuite hostname="Admin" failures="0" tests="1" name="sZephyr_testcases.Longrun_voltvalue" time="0.313" errors="1" timestamp="2025-05-02T17:06:45 IST" skipped="0">
  <testcase classname="sZephyr_testcases.Longrun_voltvalue" name="beforeSuite" time="0.313">
    <error message="ADB device check failed" type="java.lang.RuntimeException">
      <![CDATA[java.lang.RuntimeException: ADB device check failed
at wrappers.GenericWrappers.ABDconnection(GenericWrappers.java:1033)
at wrappers.MobileAppWrappers.beforeSuite(MobileAppWrappers.java:79)
at java.base/jdk.internal.reflect.DirectMethodHandleAccessor.invoke(DirectMethodHandleAccessor.java:103)
at java.base/java.lang.reflect.Method.invoke(Method.java:580)
at org.testng.internal.invokers.MethodInvocationHelper.invokeMethod(MethodInvocationHelper.java:139)
at org.testng.internal.invokers.MethodInvocationHelper.invokeMethodConsideringTimeout(MethodInvocationHelper.java:69)
at org.testng.internal.invokers.ConfigInvoker.invokeConfigurationMethod(ConfigInvoker.java:393)
at org.testng.internal.invokers.ConfigInvoker.invokeConfigurations(ConfigInvoker.java:326)
at org.testng.SuiteRunner.privateRun(SuiteRunner.java:382)
at org.testng.SuiteRunner.run(SuiteRunner.java:336)
at org.testng.SuiteRunnerWorker.runSuite(SuiteRunnerWorker.java:52)
at org.testng.SuiteRunnerWorker.run(SuiteRunnerWorker.java:95)
at org.testng.TestNG.runSuitesSequentially(TestNG.java:1301)
at org.testng.TestNG.runSuitesLocally(TestNG.java:1228)
at org.testng.TestNG.runSuites(TestNG.java:1134)
at org.testng.TestNG.run(TestNG.java:1101)
at org.testng.remote.AbstractRemoteTestNG.run(AbstractRemoteTestNG.java:115)
at org.testng.remote.RemoteTestNG.initAndRun(RemoteTestNG.java:293)
at org.testng.remote.RemoteTestNG.main(RemoteTestNG.java:91)
Caused by: java.lang.RuntimeException: No ADB devices connected. Test execution stopped.
at wrappers.GenericWrappers.ABDconnection(GenericWrappers.java:1020)
... 18 more
]]>
    </error>
  </testcase> <!-- beforeSuite -->
</testsuite> <!-- sZephyr_testcases.Longrun_voltvalue -->
