<?xml version="1.0" encoding="UTF-8"?>
<!-- Generated by org.testng.reporters.JUnitReportReporter -->
<testsuite hostname="DESKTOP-MN86ODD" failures="0" tests="1" name="sZephyr_testcases.TC08_Pairing_BlewithoutRouter" time="180.766" errors="0" timestamp="2025-07-31T17:04:14 IST" skipped="0">
  <testcase classname="sZephyr_testcases.TC08_Pairing_BlewithoutRouter" name="TC08_Pairing_BLE_Without_Router" time="180.766"/>
</testsuite> <!-- sZephyr_testcases.TC08_Pairing_BlewithoutRouter -->
