<?xml version="1.0" encoding="UTF-8"?>
<!-- Generated by org.testng.reporters.JUnitReportReporter -->
<testsuite hostname="Admin" failures="0" tests="1" name="sZephyr_testcases.TC09_Pairing_BlewithRouter" time="328.490" errors="0" timestamp="2025-04-24T00:54:49 IST" skipped="0">
  <testcase classname="sZephyr_testcases.TC09_Pairing_BlewithRouter" name="removerepair" time="328.490"/>
</testsuite> <!-- sZephyr_testcases.TC09_Pairing_BlewithRouter -->
