<?xml version="1.0" encoding="UTF-8"?>
<!-- Generated by org.testng.reporters.JUnitReportReporter -->
<testsuite hostname="DESKTOP-MN86ODD" failures="0" tests="1" name="sZephyr_testcases.TC16_WifiWithRouter" time="463.906" errors="0" timestamp="2025-09-17T17:50:22 IST" skipped="0">
  <testcase classname="sZephyr_testcases.TC16_WifiWithRouter" name="TC16_WifiWithRouter_CONNECTIVITY" time="463.906"/>
</testsuite> <!-- sZephyr_testcases.TC16_WifiWithRouter -->
