<?xml version="1.0" encoding="UTF-8"?>
<!-- Generated by org.testng.reporters.JUnitReportReporter -->
<testsuite hostname="DESKTOP-MN86ODD" failures="0" tests="1" name="sZephyr_testcases.TC33_Ble_Factory_Reset" time="158.008" errors="0" timestamp="2025-10-07T20:45:36 IST" skipped="0">
  <testcase classname="sZephyr_testcases.TC33_Ble_Factory_Reset" name="TC33_BleWithoutRouter_Factory_Reset" time="158.008"/>
</testsuite> <!-- sZephyr_testcases.TC33_Ble_Factory_Reset -->
